Tower-Defense/build/outputs/logs/manifest-merger-debug-report.txt
-- Merging decision tree log ---
manifest
ADDED from src/main/AndroidManifest.xml:2:1-39:12
	package
		ADDED from src/main/AndroidManifest.xml:3:5-39
	android:versionName
		ADDED from src/main/AndroidManifest.xml:5:5-30
		INJECTED from src/main/AndroidManifest.xml
		INJECTED from src/main/AndroidManifest.xml
	android:versionCode
		ADDED from src/main/AndroidManifest.xml:4:5-28
		INJECTED from src/main/AndroidManifest.xml
		INJECTED from src/main/AndroidManifest.xml
	xmlns:android
		ADDED from src/main/AndroidManifest.xml:2:11-69
uses-sdk
ADDED from src/main/AndroidManifest.xml:7:5-9:41
	android:targetSdkVersion
		ADDED from src/main/AndroidManifest.xml:9:9-38
	android:minSdkVersion
		ADDED from src/main/AndroidManifest.xml:8:9-35
uses-permission#android.permission.VIBRATE
ADDED from src/main/AndroidManifest.xml:10:5-11:52
	android:name
		ADDED from src/main/AndroidManifest.xml:11:9-50
application
ADDED from src/main/AndroidManifest.xml:12:5-37:19
	android:label
		ADDED from src/main/AndroidManifest.xml:15:9-41
	android:allowBackup
		ADDED from src/main/AndroidManifest.xml:13:9-35
	android:icon
		ADDED from src/main/AndroidManifest.xml:14:9-45
	android:theme
		ADDED from src/main/AndroidManifest.xml:16:9-67
activity#com.example.towerdefense.MainActivity
ADDED from src/main/AndroidManifest.xml:17:9-26:20
	android:screenOrientation
		ADDED from src/main/AndroidManifest.xml:20:13-50
	android:label
		ADDED from src/main/AndroidManifest.xml:19:13-45
	android:name
		ADDED from src/main/AndroidManifest.xml:18:13-41
intent-filter#android.intent.action.MAIN+android.intent.category.LAUNCHER
ADDED from src/main/AndroidManifest.xml:21:13-25:29
action#android.intent.action.MAIN
ADDED from src/main/AndroidManifest.xml:22:17-69
	android:name
		ADDED from src/main/AndroidManifest.xml:22:25-66
category#android.intent.category.LAUNCHER
ADDED from src/main/AndroidManifest.xml:24:17-77
	android:name
		ADDED from src/main/AndroidManifest.xml:24:27-74
activity#com.example.towerdefense.TowerGame
ADDED from src/main/AndroidManifest.xml:27:9-31:20
	android:screenOrientation
		ADDED from src/main/AndroidManifest.xml:30:13-50
	android:label
		ADDED from src/main/AndroidManifest.xml:29:13-62
	android:name
		ADDED from src/main/AndroidManifest.xml:28:13-38
activity#com.example.towerdefense.LevelPickActivity
ADDED from src/main/AndroidManifest.xml:32:9-36:20
	android:screenOrientation
		ADDED from src/main/AndroidManifest.xml:35:13-50
	android:label
		ADDED from src/main/AndroidManifest.xml:34:13-62
	android:name
		ADDED from src/main/AndroidManifest.xml:33:13-46